<?xml version="1.0" encoding="UTF-8"?>
<!-- Generated by org.testng.reporters.JUnitXMLReporter -->
<testsuite ignored="8" hostname="Sachin" failures="1" tests="9" name="Test" time="25.817" errors="0" timestamp="2021-07-17T12:45:12 IST">
  <testcase classname="RegressionTesting.hotelScenario" name="getAdultsList" time="2.049"/>
  <testcase classname="RegressionTesting.cabScenario" name="searchCab" time="1.75"/>
  <testcase classname="RegressionTesting.cabScenario" name="departure" time="1.43"/>
  <testcase classname="RegressionTesting.cabScenario" name="arrival" time="0.664"/>
  <testcase classname="RegressionTesting.cabScenario" name="calender" time="1.195"/>
  <testcase classname="RegressionTesting.cabScenario" name="time" time="6.558"/>
  <testcase classname="RegressionTesting.cabScenario" name="getCabDetails" time="3.341"/>
  <testcase classname="RegressionTesting.giftCardScenario" name="giftCards" time="0.022">
    <failure type="org.openqa.selenium.NoSuchElementException" message="no such element: Unable to locate element: {&amp;quot;method&amp;quot;:&amp;quot;xpath&amp;quot;,&amp;quot;selector&amp;quot;:&amp;quot;//*[@id=&amp;apos;SW&amp;apos;]/div[1]/div[2]/div/div/nav/ul/li[9]/a/span[1]&amp;quot;}
  (Session info: chrome=91.0.4472.124)
For documentation on this error, please visit: https://selenium.dev/exceptions/#no_such_element
Build info: version: &amp;apos;4.0.0-beta-4&amp;apos;, revision: &amp;apos;29f46d02dd&amp;apos;
System info: host: &amp;apos;SACHIN&amp;apos;, ip: &amp;apos;192.168.0.103&amp;apos;, os.name: &amp;apos;Windows 10&amp;apos;, os.arch: &amp;apos;amd64&amp;apos;, os.version: &amp;apos;10.0&amp;apos;, java.version: &amp;apos;11.0.11&amp;apos;
Driver info: org.openqa.selenium.chrome.ChromeDriver
Command: [3af280784d599dcb1170983162c90a24, findElement {using=xpath, value=//*[@id=&amp;apos;SW&amp;apos;]/div[1]/div[2]/div/div/nav/ul/li[9]/a/span[1]}]
Capabilities {acceptInsecureCerts: false, browserName: chrome, browserVersion: 91.0.4472.124, chrome: {chromedriverVersion: 91.0.4472.101 (af52a90bf870..., userDataDir: C:\Users\sachi\AppData\Loca...}, goog:chromeOptions: {debuggerAddress: localhost:64369}, javascriptEnabled: true, networkConnectionEnabled: false, pageLoadStrategy: normal, platform: WINDOWS, platformName: WINDOWS, proxy: Proxy(), se:cdp: ws://localhost:64369/devtoo..., se:cdpVersion: 91.0.4472.124, setWindowRect: true, strictFileInteractability: false, timeouts: {implicit: 0, pageLoad: 300000, script: 30000}, unhandledPromptBehavior: dismiss and notify, webauthn:extension:largeBlob: true, webauthn:virtualAuthenticators: true}
Session ID: 3af280784d599dcb1170983162c90a24">
      <![CDATA[org.openqa.selenium.NoSuchElementException: no such element: Unable to locate element: {"method":"xpath","selector":"//*[@id='SW']/div[1]/div[2]/div/div/nav/ul/li[9]/a/span[1]"}
  (Session info: chrome=91.0.4472.124)
For documentation on this error, please visit: https://selenium.dev/exceptions/#no_such_element
Build info: version: '4.0.0-beta-4', revision: '29f46d02dd'
System info: host: 'SACHIN', ip: '192.168.0.103', os.name: 'Windows 10', os.arch: 'amd64', os.version: '10.0', java.version: '11.0.11'
Driver info: org.openqa.selenium.chrome.ChromeDriver
Command: [3af280784d599dcb1170983162c90a24, findElement {using=xpath, value=//*[@id='SW']/div[1]/div[2]/div/div/nav/ul/li[9]/a/span[1]}]
Capabilities {acceptInsecureCerts: false, browserName: chrome, browserVersion: 91.0.4472.124, chrome: {chromedriverVersion: 91.0.4472.101 (af52a90bf870..., userDataDir: C:\Users\sachi\AppData\Loca...}, goog:chromeOptions: {debuggerAddress: localhost:64369}, javascriptEnabled: true, networkConnectionEnabled: false, pageLoadStrategy: normal, platform: WINDOWS, platformName: WINDOWS, proxy: Proxy(), se:cdp: ws://localhost:64369/devtoo..., se:cdpVersion: 91.0.4472.124, setWindowRect: true, strictFileInteractability: false, timeouts: {implicit: 0, pageLoad: 300000, script: 30000}, unhandledPromptBehavior: dismiss and notify, webauthn:extension:largeBlob: true, webauthn:virtualAuthenticators: true}
Session ID: 3af280784d599dcb1170983162c90a24
at org.openqa.selenium.remote.codec.w3c.W3CHttpResponseCodec.createException(W3CHttpResponseCodec.java:200)
at org.openqa.selenium.remote.codec.w3c.W3CHttpResponseCodec.decode(W3CHttpResponseCodec.java:133)
at org.openqa.selenium.remote.codec.w3c.W3CHttpResponseCodec.decode(W3CHttpResponseCodec.java:53)
at org.openqa.selenium.remote.HttpCommandExecutor.execute(HttpCommandExecutor.java:184)
at org.openqa.selenium.remote.service.DriverCommandExecutor.invokeExecute(DriverCommandExecutor.java:162)
at org.openqa.selenium.remote.service.DriverCommandExecutor.execute(DriverCommandExecutor.java:137)
at org.openqa.selenium.remote.RemoteWebDriver.execute(RemoteWebDriver.java:612)
at org.openqa.selenium.remote.RemoteWebDriver$Mechanism$2.findElement(RemoteWebDriver.java:1251)
at org.openqa.selenium.remote.RemoteWebDriver.findElement(RemoteWebDriver.java:379)
at org.openqa.selenium.remote.RemoteWebDriver.findElement(RemoteWebDriver.java:373)
at Tools.ElementContainer.moreDropDown(ElementContainer.java:167)
at RegressionTesting.giftCardScenario.giftCards(giftCardScenario.java:17)
at java.base/java.util.ArrayList.forEach(ArrayList.java:1541)
at Executor.testExecutor.invokeTestNG(testExecutor.java:76)
at Executor.testExecutor.main(testExecutor.java:82)
... Removed 28 stack frames]]>
    </failure>
  </testcase> <!-- giftCards -->
  <testcase classname="RegressionTesting.giftCardScenario" name="buyGiftCard" time="0.0">
    <skipped/>
  </testcase> <!-- buyGiftCard -->
  <testcase classname="Executor.testExecutor" name="@BeforeTest getWebDriver" time="0.0">
    <ignored/>
  </testcase> <!-- @BeforeTest getWebDriver -->
  <testcase classname="Executor.testExecutor" name="@BeforeTest getWebDriver" time="0.0">
    <ignored/>
  </testcase> <!-- @BeforeTest getWebDriver -->
  <testcase classname="Executor.testExecutor" name="@BeforeSuite getExcelData" time="0.0">
    <ignored/>
  </testcase> <!-- @BeforeSuite getExcelData -->
  <testcase classname="Executor.testExecutor" name="@BeforeSuite getExcelData" time="0.0">
    <ignored/>
  </testcase> <!-- @BeforeSuite getExcelData -->
  <testcase classname="Executor.testExecutor" name="@BeforeTest createExtentReport" time="0.0">
    <ignored/>
  </testcase> <!-- @BeforeTest createExtentReport -->
  <testcase classname="Executor.testExecutor" name="@BeforeTest createExtentReport" time="0.0">
    <ignored/>
  </testcase> <!-- @BeforeTest createExtentReport -->
  <testcase classname="Executor.testExecutor" name="@AfterTest closeBrowser" time="0.0">
    <ignored/>
  </testcase> <!-- @AfterTest closeBrowser -->
  <testcase classname="Executor.testExecutor" name="@AfterTest closeBrowser" time="0.0">
    <ignored/>
  </testcase> <!-- @AfterTest closeBrowser -->
</testsuite> <!-- Test -->
