<?xml version="1.0" encoding="UTF-8"?>
<!-- Generated by org.testng.reporters.JUnitXMLReporter -->
<testsuite ignored="14" hostname="DESKTOP-J31I2ID" failures="1" tests="1" name="Default test" time="33.374" errors="0" timestamp="2021-07-18T15:31:33 IST">
  <testcase classname="SmokeTesting.smokeTest" name="verifySUVButton" time="2.155">
    <failure type="org.openqa.selenium.NoSuchElementException" message="no such element: Unable to locate element: {&amp;quot;method&amp;quot;:&amp;quot;xpath&amp;quot;,&amp;quot;selector&amp;quot;:&amp;quot;//label[normalize-space()=&amp;apos;SUV&amp;apos;]&amp;quot;}
  (Session info: chrome=91.0.4472.124)
For documentation on this error, please visit: https://selenium.dev/exceptions/#no_such_element
Build info: version: &amp;apos;4.0.0-beta-4&amp;apos;, revision: &amp;apos;29f46d02dd&amp;apos;
System info: host: &amp;apos;DESKTOP-J31I2ID&amp;apos;, ip: &amp;apos;192.168.43.212&amp;apos;, os.name: &amp;apos;Windows 10&amp;apos;, os.arch: &amp;apos;amd64&amp;apos;, os.version: &amp;apos;10.0&amp;apos;, java.version: &amp;apos;16.0.1&amp;apos;
Driver info: org.openqa.selenium.chrome.ChromeDriver
Command: [cac0ee443a433256c5824070440c5bef, findElement {using=xpath, value=//label[normalize-space()=&amp;apos;SUV&amp;apos;]}]
Capabilities {acceptInsecureCerts: false, browserName: chrome, browserVersion: 91.0.4472.124, chrome: {chromedriverVersion: 91.0.4472.101 (af52a90bf870..., userDataDir: C:\Users\UMASHA~1\AppData\L...}, goog:chromeOptions: {debuggerAddress: localhost:53558}, javascriptEnabled: true, networkConnectionEnabled: false, pageLoadStrategy: normal, platform: WINDOWS, platformName: WINDOWS, proxy: Proxy(), se:cdp: ws://localhost:53558/devtoo..., se:cdpVersion: 91.0.4472.124, setWindowRect: true, strictFileInteractability: false, timeouts: {implicit: 0, pageLoad: 300000, script: 30000}, unhandledPromptBehavior: dismiss and notify, webauthn:extension:largeBlob: true, webauthn:virtualAuthenticators: true}
Session ID: cac0ee443a433256c5824070440c5bef">
      <![CDATA[org.openqa.selenium.NoSuchElementException: no such element: Unable to locate element: {"method":"xpath","selector":"//label[normalize-space()='SUV']"}
  (Session info: chrome=91.0.4472.124)
For documentation on this error, please visit: https://selenium.dev/exceptions/#no_such_element
Build info: version: '4.0.0-beta-4', revision: '29f46d02dd'
System info: host: 'DESKTOP-J31I2ID', ip: '192.168.43.212', os.name: 'Windows 10', os.arch: 'amd64', os.version: '10.0', java.version: '16.0.1'
Driver info: org.openqa.selenium.chrome.ChromeDriver
Command: [cac0ee443a433256c5824070440c5bef, findElement {using=xpath, value=//label[normalize-space()='SUV']}]
Capabilities {acceptInsecureCerts: false, browserName: chrome, browserVersion: 91.0.4472.124, chrome: {chromedriverVersion: 91.0.4472.101 (af52a90bf870..., userDataDir: C:\Users\UMASHA~1\AppData\L...}, goog:chromeOptions: {debuggerAddress: localhost:53558}, javascriptEnabled: true, networkConnectionEnabled: false, pageLoadStrategy: normal, platform: WINDOWS, platformName: WINDOWS, proxy: Proxy(), se:cdp: ws://localhost:53558/devtoo..., se:cdpVersion: 91.0.4472.124, setWindowRect: true, strictFileInteractability: false, timeouts: {implicit: 0, pageLoad: 300000, script: 30000}, unhandledPromptBehavior: dismiss and notify, webauthn:extension:largeBlob: true, webauthn:virtualAuthenticators: true}
Session ID: cac0ee443a433256c5824070440c5bef
at java.base/jdk.internal.reflect.NativeConstructorAccessorImpl.newInstance0(Native Method)
at java.base/jdk.internal.reflect.NativeConstructorAccessorImpl.newInstance(NativeConstructorAccessorImpl.java:78)
at java.base/jdk.internal.reflect.DelegatingConstructorAccessorImpl.newInstance(DelegatingConstructorAccessorImpl.java:45)
at java.base/java.lang.reflect.Constructor.newInstanceWithCaller(Constructor.java:499)
at java.base/java.lang.reflect.Constructor.newInstance(Constructor.java:480)
at org.openqa.selenium.remote.codec.w3c.W3CHttpResponseCodec.createException(W3CHttpResponseCodec.java:200)
at org.openqa.selenium.remote.codec.w3c.W3CHttpResponseCodec.decode(W3CHttpResponseCodec.java:133)
at org.openqa.selenium.remote.codec.w3c.W3CHttpResponseCodec.decode(W3CHttpResponseCodec.java:53)
at org.openqa.selenium.remote.HttpCommandExecutor.execute(HttpCommandExecutor.java:184)
at org.openqa.selenium.remote.service.DriverCommandExecutor.invokeExecute(DriverCommandExecutor.java:162)
at org.openqa.selenium.remote.service.DriverCommandExecutor.execute(DriverCommandExecutor.java:137)
at org.openqa.selenium.remote.RemoteWebDriver.execute(RemoteWebDriver.java:612)
at org.openqa.selenium.remote.RemoteWebDriver$Mechanism$2.findElement(RemoteWebDriver.java:1251)
at org.openqa.selenium.remote.RemoteWebDriver.findElement(RemoteWebDriver.java:379)
at org.openqa.selenium.remote.RemoteWebDriver.findElement(RemoteWebDriver.java:373)
at Tools.ElementContainer.suvSelect(ElementContainer.java:145)
at RegressionTesting.cabScenario.getCabDetails(cabScenario.java:91)
at SmokeTesting.smokeTest.verifySUVButton(smokeTest.java:185)
at java.base/jdk.internal.reflect.NativeMethodAccessorImpl.invoke0(Native Method)
at java.base/jdk.internal.reflect.NativeMethodAccessorImpl.invoke(NativeMethodAccessorImpl.java:78)
at java.base/jdk.internal.reflect.DelegatingMethodAccessorImpl.invoke(DelegatingMethodAccessorImpl.java:43)
at java.base/java.lang.reflect.Method.invoke(Method.java:567)
at org.testng.internal.MethodInvocationHelper.invokeMethod(MethodInvocationHelper.java:133)
at org.testng.internal.TestInvoker.invokeMethod(TestInvoker.java:598)
at org.testng.internal.TestInvoker.invokeTestMethod(TestInvoker.java:173)
at org.testng.internal.MethodRunner.runInSequence(MethodRunner.java:46)
at org.testng.internal.TestInvoker$MethodInvocationAgent.invoke(TestInvoker.java:824)
at org.testng.internal.TestInvoker.invokeTestMethods(TestInvoker.java:146)
at org.testng.internal.TestMethodWorker.invokeTestMethods(TestMethodWorker.java:146)
at org.testng.internal.TestMethodWorker.run(TestMethodWorker.java:128)
at java.base/java.util.ArrayList.forEach(ArrayList.java:1511)
at org.testng.TestRunner.privateRun(TestRunner.java:794)
at org.testng.TestRunner.run(TestRunner.java:596)
at org.testng.SuiteRunner.runTest(SuiteRunner.java:377)
at org.testng.SuiteRunner.runSequentially(SuiteRunner.java:371)
at org.testng.SuiteRunner.privateRun(SuiteRunner.java:332)
at org.testng.SuiteRunner.run(SuiteRunner.java:276)
at org.testng.SuiteRunnerWorker.runSuite(SuiteRunnerWorker.java:53)
at org.testng.SuiteRunnerWorker.run(SuiteRunnerWorker.java:96)
at org.testng.TestNG.runSuitesSequentially(TestNG.java:1212)
at org.testng.TestNG.runSuitesLocally(TestNG.java:1134)
at org.testng.TestNG.runSuites(TestNG.java:1063)
at org.testng.TestNG.run(TestNG.java:1031)
at org.testng.remote.AbstractRemoteTestNG.run(AbstractRemoteTestNG.java:115)
at org.testng.remote.RemoteTestNG.initAndRun(RemoteTestNG.java:251)
at org.testng.remote.RemoteTestNG.main(RemoteTestNG.java:77)
]]>
    </failure>
  </testcase> <!-- verifySUVButton -->
  <testcase classname="SmokeTesting.smokeTest" name="getHomePageSignature" time="0.0">
    <ignored/>
  </testcase> <!-- getHomePageSignature -->
  <testcase classname="SmokeTesting.smokeTest" name="loginFromPopUp" time="0.0">
    <ignored/>
  </testcase> <!-- loginFromPopUp -->
  <testcase classname="SmokeTesting.smokeTest" name="verifyGiftCardTitle" time="0.0">
    <ignored/>
  </testcase> <!-- verifyGiftCardTitle -->
  <testcase classname="SmokeTesting.smokeTest" name="verifyHotelButton" time="0.0">
    <ignored/>
  </testcase> <!-- verifyHotelButton -->
  <testcase classname="SmokeTesting.smokeTest" name="verifyCabSearchButton" time="0.0">
    <ignored/>
  </testcase> <!-- verifyCabSearchButton -->
  <testcase classname="SmokeTesting.smokeTest" name="loginWithGmail" time="0.0">
    <ignored/>
  </testcase> <!-- loginWithGmail -->
  <testcase classname="SmokeTesting.smokeTest" name="verifyCountry" time="0.0">
    <ignored/>
  </testcase> <!-- verifyCountry -->
  <testcase classname="SmokeTesting.smokeTest" name="verifyBuyNowButton" time="0.0">
    <ignored/>
  </testcase> <!-- verifyBuyNowButton -->
  <testcase classname="SmokeTesting.smokeTest" name="verifyCabButton" time="0.0">
    <ignored/>
  </testcase> <!-- verifyCabButton -->
  <testcase classname="SmokeTesting.smokeTest" name="verifyErrorForSameCitySelected" time="0.0">
    <ignored/>
  </testcase> <!-- verifyErrorForSameCitySelected -->
  <testcase classname="SmokeTesting.smokeTest" name="verifySelectedRadioButton" time="0.0">
    <ignored/>
  </testcase> <!-- verifySelectedRadioButton -->
  <testcase classname="SmokeTesting.smokeTest" name="verifyLoginButton" time="0.0">
    <ignored/>
  </testcase> <!-- verifyLoginButton -->
  <testcase classname="SmokeTesting.smokeTest" name="verifyPickUpTimeDropDown" time="0.0">
    <ignored/>
  </testcase> <!-- verifyPickUpTimeDropDown -->
  <testcase classname="SmokeTesting.smokeTest" name="verifyFathersDayGiftCard" time="0.0">
    <ignored/>
  </testcase> <!-- verifyFathersDayGiftCard -->
</testsuite> <!-- Default test -->
